<?xml version="1.0" encoding="UTF-8"?>
<testng-results ignored="0" total="1" passed="1" failed="0" skipped="0">
  <reporter-output>
  </reporter-output>
  <suite started-at="2023-08-07T13:42:48 IST" name="Suite" finished-at="2023-08-07T13:43:07 IST" duration-ms="18724">
    <groups>
    </groups>
    <test started-at="2023-08-07T13:42:48 IST" name="Test" finished-at="2023-08-07T13:43:07 IST" duration-ms="18724">
      <class name="DataDownloadFlows.Flow1">
        <test-method is-config="true" signature="beforeTest()[pri:0, instance:DataDownloadFlows.Flow1@2d3379b4]" started-at="2023-08-07T13:42:24 IST" name="beforeTest" finished-at="2023-08-07T13:42:48 IST" duration-ms="23844" status="PASS">
          <reporter-output>
          </reporter-output>
        </test-method> <!-- beforeTest -->
        <test-method is-config="true" signature="login1()[pri:0, instance:DataDownloadFlows.Flow1@2d3379b4]" started-at="2023-08-07T13:42:48 IST" name="login1" finished-at="2023-08-07T13:42:53 IST" duration-ms="4479" status="PASS">
          <reporter-output>
          </reporter-output>
        </test-method> <!-- login1 -->
        <test-method signature="dataDown()[pri:0, instance:DataDownloadFlows.Flow1@2d3379b4]" started-at="2023-08-07T13:42:53 IST" name="dataDown" finished-at="2023-08-07T13:43:04 IST" duration-ms="10909" status="PASS">
          <reporter-output>
          </reporter-output>
        </test-method> <!-- dataDown -->
        <test-method is-config="true" signature="closeDriver()[pri:0, instance:DataDownloadFlows.Flow1@2d3379b4]" started-at="2023-08-07T13:43:04 IST" name="closeDriver" finished-at="2023-08-07T13:43:07 IST" duration-ms="2582" status="PASS">
          <reporter-output>
          </reporter-output>
        </test-method> <!-- closeDriver -->
      </class> <!-- DataDownloadFlows.Flow1 -->
    </test> <!-- Test -->
  </suite> <!-- Suite -->
</testng-results>
